<?xml version="1.0" encoding="UTF-8"?><testsuite errors="1" failures="0" name="buy a tablet on Advantage page" skipped="0" tests="1" time="29.21" timestamp="2021-03-04 02:19:39"><testcase name="buy a tablet"><error message="element click intercepted: Element &lt;span id=&quot;tabletsTxt&quot; aria-label=&quot;TabletsCategoryTxt&quot; class=&quot;shop_now roboto-bold ng-binding&quot; role=&quot;link&quot; href=&quot;javascript:void(0)&quot;&gt;...&lt;/span&gt; is not clickable at point (688, 301). Other element would receive the click: &lt;div class=&quot;inputContainer ng-scope&quot;&gt;...&lt;/div&gt;&#10;  (Session info: chrome=89.0.4389.72)&#10;Build info: version: '3.14.0', revision: 'aacccce0', time: '2018-08-02T20:19:58.91Z'&#10;System info: host: 'DESKTOP-GCT5KIU', ip: '192.168.20.22', os.name: 'Windows 10', os.arch: 'amd64', os.version: '10.0', java.version: '1.8.0_261'&#10;Driver info: org.openqa.selenium.remote.RemoteWebDriver&#10;Capabilities {acceptInsecureCerts: false, browserName: chrome, browserVersion: 89.0.4389.72, chrome: {chromedriverVersion: 88.0.4324.96 (68dba2d8a0b14..., userDataDir: C:\Users\Hervin\AppData\Loc...}, goog:chromeOptions: {debuggerAddress: localhost:64862}, javascriptEnabled: true, networkConnectionEnabled: false, pageLoadStrategy: normal, platform: WINDOWS, platformName: WINDOWS, proxy: Proxy(), setWindowRect: true, strictFileInteractability: false, timeouts: {implicit: 0, pageLoad: 300000, script: 30000}, unhandledPromptBehavior: dismiss and notify, webauthn:extension:largeBlob: true, webauthn:virtualAuthenticators: true}&#10;Session ID: f0effc3c370302631d488f2df6069f30" type="org.openqa.selenium.ElementClickInterceptedException">element click intercepted: Element &lt;span id="tabletsTxt" aria-label="TabletsCategoryTxt" class="shop_now roboto-bold ng-binding" role="link" href="javascript:void(0)"&gt;...&lt;/span&gt; is not clickable at point (688, 301). Other element would receive the click: &lt;div class="inputContainer ng-scope"&gt;...&lt;/div&gt;
  (Session info: chrome=89.0.4389.72)
Build info: version: '3.14.0', revision: 'aacccce0', time: '2018-08-02T20:19:58.91Z'
System info: host: 'DESKTOP-GCT5KIU', ip: '192.168.20.22', os.name: 'Windows 10', os.arch: 'amd64', os.version: '10.0', java.version: '1.8.0_261'
Driver info: org.openqa.selenium.remote.RemoteWebDriver
Capabilities {acceptInsecureCerts: false, browserName: chrome, browserVersion: 89.0.4389.72, chrome: {chromedriverVersion: 88.0.4324.96 (68dba2d8a0b14..., userDataDir: C:\Users\Hervin\AppData\Loc...}, goog:chromeOptions: {debuggerAddress: localhost:64862}, javascriptEnabled: true, networkConnectionEnabled: false, pageLoadStrategy: normal, platform: WINDOWS, platformName: WINDOWS, proxy: Proxy(), setWindowRect: true, strictFileInteractability: false, timeouts: {implicit: 0, pageLoad: 300000, script: 30000}, unhandledPromptBehavior: dismiss and notify, webauthn:extension:largeBlob: true, webauthn:virtualAuthenticators: true}
Session ID: f0effc3c370302631d488f2df6069f30</error><system-err>element click intercepted: Element &lt;span id="tabletsTxt" aria-label="TabletsCategoryTxt" class="shop_now roboto-bold ng-binding" role="link" href="javascript:void(0)"&gt;...&lt;/span&gt; is not clickable at point (688, 301). Other element would receive the click: &lt;div class="inputContainer ng-scope"&gt;...&lt;/div&gt;
  (Session info: chrome=89.0.4389.72)
Build info: version: '3.14.0', revision: 'aacccce0', time: '2018-08-02T20:19:58.91Z'
System info: host: 'DESKTOP-GCT5KIU', ip: '192.168.20.22', os.name: 'Windows 10', os.arch: 'amd64', os.version: '10.0', java.version: '1.8.0_261'
Driver info: org.openqa.selenium.remote.RemoteWebDriver
Capabilities {acceptInsecureCerts: false, browserName: chrome, browserVersion: 89.0.4389.72, chrome: {chromedriverVersion: 88.0.4324.96 (68dba2d8a0b14..., userDataDir: C:\Users\Hervin\AppData\Loc...}, goog:chromeOptions: {debuggerAddress: localhost:64862}, javascriptEnabled: true, networkConnectionEnabled: false, pageLoadStrategy: normal, platform: WINDOWS, platformName: WINDOWS, proxy: Proxy(), setWindowRect: true, strictFileInteractability: false, timeouts: {implicit: 0, pageLoad: 300000, script: 30000}, unhandledPromptBehavior: dismiss and notify, webauthn:extension:largeBlob: true, webauthn:virtualAuthenticators: true}
Session ID: f0effc3c370302631d488f2df6069f30&#13;
co.com.tcs.certification.advantage.tasks.SelectCategoryTasks.performAs(SelectCategoryTasks.java:12)&#13;
co.com.tcs.certification.avantage.stepdefinitions.LoginAdvantageStepdefinition.heHasSelectedATabletAndAddTheProductToTheShoppingCart(LoginAdvantageStepdefinition.java:46)&#13;
cucumber.runner.Runner.runPickle(Runner.java:80)&#13;
</system-err></testcase></testsuite>